# JRE version: OpenJDK Runtime Environment (8.0_152-b02) (build 1.8.0_152-release-1024-b02)
# Java VM: OpenJDK 64-Bit Server VM (25.152-b02 mixed mode windows-amd64 compressed oops)
Heap:
 PSYoungGen      total 460800K, used 233990K [0x00000000e0000000, 0x00000000ffe00000, 0x0000000100000000)
  eden space 401408K, 57% used [0x00000000e0000000,0x00000000ee22bff0,0x00000000f8800000)
  from space 59392K, 4% used [0x00000000fc400000,0x00000000fc655b30,0x00000000ffe00000)
  to   space 60416K, 0% used [0x00000000f8800000,0x00000000f8800000,0x00000000fc300000)
 ParOldGen       total 547840K, used 305667K [0x00000000a0000000, 0x00000000c1700000, 0x00000000e0000000)
  object space 547840K, 55% used [0x00000000a0000000,0x00000000b2a80ce0,0x00000000c1700000)
 Metaspace       used 192303K, capacity 203747K, committed 204032K, reserved 1226752K
  class space    used 24272K, capacity 26593K, committed 26624K, reserved 1048576K
GC Heap History (10 events):
Event: 871.291 GC heap before
{Heap before GC invocations=78 (full 6):
 PSYoungGen      total 458752K, used 458357K [0x00000000e0000000, 0x0000000100000000, 0x0000000100000000)
  eden space 419840K, 100% used [0x00000000e0000000,0x00000000f9a00000,0x00000000f9a00000)
  from space 38912K, 98% used [0x00000000f9a00000,0x00000000fbf9d6c0,0x00000000fc000000)
  to   space 55296K, 0% used [0x00000000fca00000,0x00000000fca00000,0x0000000100000000)
 ParOldGen       total 547840K, used 224926K [0x00000000a0000000, 0x00000000c1700000, 0x00000000e0000000)
  object space 547840K, 41% used [0x00000000a0000000,0x00000000adba7810,0x00000000c1700000)
 Metaspace       used 179508K, capacity 189975K, committed 190080K, reserved 1214464K
  class space    used 22481K, capacity 24605K, committed 24704K, reserved 1048576K
Event: 871.296 GC heap after
Heap after GC invocations=78 (full 6):
 PSYoungGen      total 467968K, used 3456K [0x00000000e0000000, 0x0000000100000000, 0x0000000100000000)
  eden space 412672K, 0% used [0x00000000e0000000,0x00000000e0000000,0x00000000f9300000)
  from space 55296K, 6% used [0x00000000fca00000,0x00000000fcd60010,0x0000000100000000)
  to   space 55808K, 0% used [0x00000000f9300000,0x00000000f9300000,0x00000000fc980000)
 ParOldGen       total 547840K, used 226662K [0x00000000a0000000, 0x00000000c1700000, 0x00000000e0000000)
  object space 547840K, 41% used [0x00000000a0000000,0x00000000add59820,0x00000000c1700000)
 Metaspace       used 179508K, capacity 189975K, committed 190080K, reserved 1214464K
  class space    used 22481K, capacity 24605K, committed 24704K, reserved 1048576K
}
Event: 873.877 GC heap before
{Heap before GC invocations=79 (full 6):
 PSYoungGen      total 467968K, used 410389K [0x00000000e0000000, 0x0000000100000000, 0x0000000100000000)
  eden space 412672K, 98% used [0x00000000e0000000,0x00000000f8d65400,0x00000000f9300000)
  from space 55296K, 6% used [0x00000000fca00000,0x00000000fcd60010,0x0000000100000000)
  to   space 55808K, 0% used [0x00000000f9300000,0x00000000f9300000,0x00000000fc980000)
 ParOldGen       total 547840K, used 235321K [0x00000000a0000000, 0x00000000c1700000, 0x00000000e0000000)
  object space 547840K, 42% used [0x00000000a0000000,0x00000000ae5ce720,0x00000000c1700000)
 Metaspace       used 180183K, capacity 190779K, committed 190976K, reserved 1216512K
  class space    used 22582K, capacity 24731K, committed 24832K, reserved 1048576K
Event: 873.888 GC heap after
Heap after GC invocations=79 (full 6):
 PSYoungGen      total 458752K, used 45694K [0x00000000e0000000, 0x0000000100000000, 0x0000000100000000)
  eden space 412672K, 0% used [0x00000000e0000000,0x00000000e0000000,0x00000000f9300000)
  from space 46080K, 99% used [0x00000000f9300000,0x00000000fbf9fab8,0x00000000fc000000)
  to   space 60928K, 0% used [0x00000000fc480000,0x00000000fc480000,0x0000000100000000)
 ParOldGen       total 547840K, used 235585K [0x00000000a0000000, 0x00000000c1700000, 0x00000000e0000000)
  object space 547840K, 43% used [0x00000000a0000000,0x00000000ae610730,0x00000000c1700000)
 Metaspace       used 180183K, capacity 190779K, committed 190976K, reserved 1216512K
  class space    used 22582K, capacity 24731K, committed 24832K, reserved 1048576K
}
Event: 874.157 GC heap before
{Heap before GC invocations=80 (full 6):
 PSYoungGen      total 458752K, used 457382K [0x00000000e0000000, 0x0000000100000000, 0x0000000100000000)
  eden space 412672K, 99% used [0x00000000e0000000,0x00000000f920a140,0x00000000f9300000)
  from space 46080K, 99% used [0x00000000f9300000,0x00000000fbf9fab8,0x00000000fc000000)
  to   space 60928K, 0% used [0x00000000fc480000,0x00000000fc480000,0x0000000100000000)
 ParOldGen       total 547840K, used 300098K [0x00000000a0000000, 0x00000000c1700000, 0x00000000e0000000)
  object space 547840K, 54% used [0x00000000a0000000,0x00000000b2510b20,0x00000000c1700000)
 Metaspace       used 180355K, capacity 190943K, committed 191232K, reserved 1216512K
  class space    used 22607K, capacity 24739K, committed 24832K, reserved 1048576K
Event: 874.162 GC heap after
Heap after GC invocations=80 (full 6):
 PSYoungGen      total 462336K, used 2773K [0x00000000e0000000, 0x0000000100000000, 0x0000000100000000)
  eden space 401408K, 0% used [0x00000000e0000000,0x00000000e0000000,0x00000000f8800000)
  from space 60928K, 4% used [0x00000000fc480000,0x00000000fc735668,0x0000000100000000)
  to   space 61440K, 0% used [0x00000000f8800000,0x00000000f8800000,0x00000000fc400000)
 ParOldGen       total 547840K, used 303831K [0x00000000a0000000, 0x00000000c1700000, 0x00000000e0000000)
  object space 547840K, 55% used [0x00000000a0000000,0x00000000b28b5e40,0x00000000c1700000)
 Metaspace       used 180355K, capacity 190943K, committed 191232K, reserved 1216512K
  class space    used 22607K, capacity 24739K, committed 24832K, reserved 1048576K
}
Event: 874.220 GC heap before
{Heap before GC invocations=81 (full 6):
 PSYoungGen      total 462336K, used 404072K [0x00000000e0000000, 0x0000000100000000, 0x0000000100000000)
  eden space 401408K, 99% used [0x00000000e0000000,0x00000000f87e49e8,0x00000000f8800000)
  from space 60928K, 4% used [0x00000000fc480000,0x00000000fc735668,0x0000000100000000)
  to   space 61440K, 0% used [0x00000000f8800000,0x00000000f8800000,0x00000000fc400000)
 ParOldGen       total 547840K, used 303831K [0x00000000a0000000, 0x00000000c1700000, 0x00000000e0000000)
  object space 547840K, 55% used [0x00000000a0000000,0x00000000b28b5e40,0x00000000c1700000)
 Metaspace       used 180355K, capacity 190943K, committed 191232K, reserved 1216512K
  class space    used 22607K, capacity 24739K, committed 24832K, reserved 1048576K
Event: 874.224 GC heap after
Heap after GC invocations=81 (full 6):
 PSYoungGen      total 462848K, used 256K [0x00000000e0000000, 0x0000000100000000, 0x0000000100000000)
  eden space 401408K, 0% used [0x00000000e0000000,0x00000000e0000000,0x00000000f8800000)
  from space 61440K, 0% used [0x00000000f8800000,0x00000000f8840000,0x00000000fc400000)
  to   space 61440K, 0% used [0x00000000fc400000,0x00000000fc400000,0x0000000100000000)
 ParOldGen       total 547840K, used 305603K [0x00000000a0000000, 0x00000000c1700000, 0x00000000e0000000)
  object space 547840K, 55% used [0x00000000a0000000,0x00000000b2a70ce0,0x00000000c1700000)
 Metaspace       used 180355K, capacity 190943K, committed 191232K, reserved 1216512K
  class space    used 22607K, capacity 24739K, committed 24832K, reserved 1048576K
}
Event: 911.731 GC heap before
{Heap before GC invocations=82 (full 6):
 PSYoungGen      total 462848K, used 401664K [0x00000000e0000000, 0x0000000100000000, 0x0000000100000000)
  eden space 401408K, 100% used [0x00000000e0000000,0x00000000f8800000,0x00000000f8800000)
  from space 61440K, 0% used [0x00000000f8800000,0x00000000f8840000,0x00000000fc400000)
  to   space 61440K, 0% used [0x00000000fc400000,0x00000000fc400000,0x0000000100000000)
 ParOldGen       total 547840K, used 305603K [0x00000000a0000000, 0x00000000c1700000, 0x00000000e0000000)
  object space 547840K, 55% used [0x00000000a0000000,0x00000000b2a70ce0,0x00000000c1700000)
 Metaspace       used 180648K, capacity 191469K, committed 191616K, reserved 1216512K
  class space    used 22655K, capacity 24869K, committed 24960K, reserved 1048576K
Event: 911.740 GC heap after
Heap after GC invocations=82 (full 6):
 PSYoungGen      total 460800K, used 2390K [0x00000000e0000000, 0x00000000ffe00000, 0x0000000100000000)
  eden space 401408K, 0% used [0x00000000e0000000,0x00000000e0000000,0x00000000f8800000)
  from space 59392K, 4% used [0x00000000fc400000,0x00000000fc655b30,0x00000000ffe00000)
  to   space 60416K, 0% used [0x00000000f8800000,0x00000000f8800000,0x00000000fc300000)
 ParOldGen       total 547840K, used 305667K [0x00000000a0000000, 0x00000000c1700000, 0x00000000e0000000)
  object space 547840K, 55% used [0x00000000a0000000,0x00000000b2a80ce0,0x00000000c1700000)
 Metaspace       used 180648K, capacity 191469K, committed 191616K, reserved 1216512K
  class space    used 22655K, capacity 24869K, committed 24960K, reserved 1048576K
}

